<?xml version="1.0" encoding="UTF-8"?>
<coverage generated="1720362199429" clover="3.2.0">
  <project timestamp="1720362199430" name="All files">
    <metrics statements="44" coveredstatements="40" conditionals="20" coveredconditionals="14" methods="7" coveredmethods="6" elements="71" coveredelements="60" complexity="0" loc="44" ncloc="44" packages="2" files="3" classes="3"/>
    <package name="Formularios">
      <metrics statements="28" coveredstatements="24" conditionals="16" coveredconditionals="11" methods="4" coveredmethods="3"/>
      <file name="CadastroForm.jsx" path="D:\Projetos\Pitang\Projeto-Pitang-Covid\Projeto-Pitang-Frontend\src\components\Formularios\CadastroForm.jsx">
        <metrics statements="14" coveredstatements="14" conditionals="6" coveredconditionals="6" methods="2" coveredmethods="2"/>
        <line num="9" count="1" type="stmt"/>
        <line num="10" count="1" type="stmt"/>
        <line num="11" count="1" type="stmt"/>
        <line num="13" count="1" type="stmt"/>
        <line num="18" count="7" type="stmt"/>
        <line num="19" count="7" type="stmt"/>
        <line num="27" count="7" type="stmt"/>
        <line num="28" count="1" type="stmt"/>
        <line num="29" count="1" type="stmt"/>
        <line num="57" count="8" type="stmt"/>
        <line num="64" count="1" type="stmt"/>
        <line num="81" count="8" type="stmt"/>
        <line num="88" count="1" type="stmt"/>
        <line num="116" count="3" type="stmt"/>
      </file>
      <file name="DatePicker.jsx" path="D:\Projetos\Pitang\Projeto-Pitang-Covid\Projeto-Pitang-Frontend\src\components\Formularios\DatePicker.jsx">
        <metrics statements="14" coveredstatements="10" conditionals="10" coveredconditionals="5" methods="2" coveredmethods="1"/>
        <line num="1" count="1" type="stmt"/>
        <line num="2" count="1" type="stmt"/>
        <line num="4" count="1" type="stmt"/>
        <line num="5" count="1" type="stmt"/>
        <line num="6" count="1" type="stmt"/>
        <line num="8" count="1" type="stmt"/>
        <line num="9" count="1" type="stmt"/>
        <line num="12" count="1" type="stmt"/>
        <line num="13" count="1" type="stmt"/>
        <line num="14" count="0" type="stmt"/>
        <line num="15" count="0" type="stmt"/>
        <line num="17" count="0" type="stmt"/>
        <line num="23" count="0" type="stmt"/>
        <line num="41" count="1" type="stmt"/>
      </file>
    </package>
    <package name="TabelaAgendamento">
      <metrics statements="16" coveredstatements="16" conditionals="4" coveredconditionals="3" methods="3" coveredmethods="3"/>
      <file name="TabelaAgendamento.jsx" path="D:\Projetos\Pitang\Projeto-Pitang-Covid\Projeto-Pitang-Frontend\src\components\TabelaAgendamento\TabelaAgendamento.jsx">
        <metrics statements="16" coveredstatements="16" conditionals="4" coveredconditionals="3" methods="3" coveredmethods="3"/>
        <line num="1" count="1" type="stmt"/>
        <line num="2" count="1" type="stmt"/>
        <line num="3" count="1" type="stmt"/>
        <line num="4" count="1" type="stmt"/>
        <line num="5" count="1" type="stmt"/>
        <line num="6" count="1" type="stmt"/>
        <line num="9" count="6" type="cond" truecount="1" falsecount="1"/>
        <line num="13" count="12" type="stmt"/>
        <line num="14" count="12" type="stmt"/>
        <line num="16" count="6" type="stmt"/>
        <line num="17" count="1" type="stmt"/>
        <line num="18" count="1" type="stmt"/>
        <line num="20" count="1" type="stmt"/>
        <line num="21" count="6" type="stmt"/>
        <line num="24" count="1" type="stmt"/>
        <line num="63" count="5" type="stmt"/>
      </file>
    </package>
  </project>
</coverage>
