<?xml version="1.0" encoding="UTF-8"?>
<coverage generated="1720365244229" clover="3.2.0">
  <project timestamp="1720365244229" name="All files">
    <metrics statements="37" coveredstatements="37" conditionals="10" coveredconditionals="9" methods="5" coveredmethods="5" elements="52" coveredelements="51" complexity="0" loc="37" ncloc="37" packages="2" files="3" classes="3"/>
    <package name="Formularios">
      <metrics statements="21" coveredstatements="21" conditionals="6" coveredconditionals="6" methods="2" coveredmethods="2"/>
      <file name="CadastroForm.jsx" path="D:\Projetos\Pitang\Projeto-Pitang-Covid\Projeto-Pitang-Frontend\src\components\Formularios\CadastroForm.jsx">
        <metrics statements="16" coveredstatements="16" conditionals="6" coveredconditionals="6" methods="2" coveredmethods="2"/>
        <line num="9" count="1" type="stmt"/>
        <line num="10" count="1" type="stmt"/>
        <line num="11" count="1" type="stmt"/>
        <line num="12" count="1" type="stmt"/>
        <line num="13" count="1" type="stmt"/>
        <line num="15" count="1" type="stmt"/>
        <line num="20" count="10" type="stmt"/>
        <line num="21" count="10" type="stmt"/>
        <line num="30" count="10" type="stmt"/>
        <line num="31" count="1" type="stmt"/>
        <line num="32" count="1" type="stmt"/>
        <line num="60" count="11" type="stmt"/>
        <line num="67" count="1" type="stmt"/>
        <line num="84" count="12" type="stmt"/>
        <line num="91" count="2" type="stmt"/>
        <line num="119" count="4" type="stmt"/>
      </file>
      <file name="CadastroZodSchema.js" path="D:\Projetos\Pitang\Projeto-Pitang-Covid\Projeto-Pitang-Frontend\src\components\Formularios\CadastroZodSchema.js">
        <metrics statements="5" coveredstatements="5" conditionals="0" coveredconditionals="0" methods="0" coveredmethods="0"/>
        <line num="2" count="1" type="stmt"/>
        <line num="3" count="1" type="stmt"/>
        <line num="5" count="1" type="stmt"/>
        <line num="6" count="1" type="stmt"/>
        <line num="8" count="10" type="stmt"/>
      </file>
    </package>
    <package name="TabelaAgendamento">
      <metrics statements="16" coveredstatements="16" conditionals="4" coveredconditionals="3" methods="3" coveredmethods="3"/>
      <file name="TabelaAgendamento.jsx" path="D:\Projetos\Pitang\Projeto-Pitang-Covid\Projeto-Pitang-Frontend\src\components\TabelaAgendamento\TabelaAgendamento.jsx">
        <metrics statements="16" coveredstatements="16" conditionals="4" coveredconditionals="3" methods="3" coveredmethods="3"/>
        <line num="1" count="1" type="stmt"/>
        <line num="2" count="1" type="stmt"/>
        <line num="3" count="1" type="stmt"/>
        <line num="4" count="1" type="stmt"/>
        <line num="5" count="1" type="stmt"/>
        <line num="6" count="1" type="stmt"/>
        <line num="9" count="6" type="cond" truecount="1" falsecount="1"/>
        <line num="13" count="12" type="stmt"/>
        <line num="14" count="12" type="stmt"/>
        <line num="16" count="6" type="stmt"/>
        <line num="17" count="1" type="stmt"/>
        <line num="18" count="1" type="stmt"/>
        <line num="20" count="1" type="stmt"/>
        <line num="21" count="6" type="stmt"/>
        <line num="24" count="1" type="stmt"/>
        <line num="63" count="5" type="stmt"/>
      </file>
    </package>
  </project>
</coverage>
