{"D:\\Projetos\\Pitang\\Projeto-Pitang-Covid\\Projeto-Pitang-Frontend\\src\\components\\Formularios\\CadastroForm.jsx": {"path":"D:\\Projetos\\Pitang\\Projeto-Pitang-Covid\\Projeto-Pitang-Frontend\\src\\components\\Formularios\\CadastroForm.jsx","statementMap":{"0":{"start":{"line":116,"column":0},"end":{"line":116,"column":15}},"1":{"start":{"line":9,"column":7},"end":{"line":9,"column":null}},"2":{"start":{"line":10,"column":36},"end":{"line":10,"column":null}},"3":{"start":{"line":11,"column":23},"end":{"line":11,"column":null}},"4":{"start":{"line":13,"column":21},"end":{"line":114,"column":null}},"5":{"start":{"line":27,"column":2},"end":{"line":30,"column":null}},"6":{"start":{"line":28,"column":4},"end":{"line":28,"column":null}},"7":{"start":{"line":29,"column":4},"end":{"line":29,"column":null}},"8":{"start":{"line":19,"column":6},"end":{"line":25,"column":null}},"9":{"start":{"line":19,"column":6},"end":{"line":15,"column":null}},"10":{"start":{"line":19,"column":6},"end":{"line":16,"column":null}},"11":{"start":{"line":19,"column":6},"end":{"line":17,"column":null}},"12":{"start":{"line":19,"column":6},"end":{"line":18,"column":17}},"13":{"start":{"line":18,"column":17},"end":{"line":18,"column":25}},"14":{"start":{"line":18,"column":25},"end":{"line":18,"column":null}},"15":{"start":{"line":57,"column":25},"end":{"line":57,"column":null}},"16":{"start":{"line":64,"column":44},"end":{"line":64,"column":null}},"17":{"start":{"line":81,"column":25},"end":{"line":81,"column":null}},"18":{"start":{"line":88,"column":44},"end":{"line":88,"column":null}},"19":{"start":{"line":116,"column":15},"end":{"line":116,"column":null}}},"fnMap":{"0":{"name":"(anonymous_6)","decl":{"start":{"line":13,"column":21},"end":{"line":13,"column":null}},"loc":{"start":{"line":13,"column":21},"end":{"line":114,"column":null}}},"1":{"name":"onSubmit","decl":{"start":{"line":27,"column":11},"end":{"line":27,"column":20}},"loc":{"start":{"line":27,"column":26},"end":{"line":30,"column":null}}}},"branchMap":{"0":{"loc":{"start":{"line":45,"column":13},"end":{"line":45,"column":47}},"type":"binary-expr","locations":[{"start":{"line":45,"column":13},"end":{"line":45,"column":24}},{"start":{"line":45,"column":28},"end":{"line":45,"column":47}}]},"1":{"loc":{"start":{"line":67,"column":21},"end":{"line":67,"column":75}},"type":"binary-expr","locations":[{"start":{"line":67,"column":21},"end":{"line":67,"column":42}},{"start":{"line":67,"column":46},"end":{"line":67,"column":75}}]},"2":{"loc":{"start":{"line":91,"column":21},"end":{"line":91,"column":77}},"type":"binary-expr","locations":[{"start":{"line":91,"column":21},"end":{"line":91,"column":43}},{"start":{"line":91,"column":47},"end":{"line":91,"column":77}}]}},"s":{"0":3,"1":1,"2":1,"3":1,"4":1,"5":7,"6":1,"7":1,"8":7,"9":7,"10":7,"11":7,"12":7,"13":7,"14":7,"15":8,"16":1,"17":8,"18":1,"19":1},"f":{"0":7,"1":1},"b":{"0":[7,1],"1":[8,1],"2":[8,1]}}
,"D:\\Projetos\\Pitang\\Projeto-Pitang-Covid\\Projeto-Pitang-Frontend\\src\\components\\Formularios\\DatePicker.jsx": {"path":"D:\\Projetos\\Pitang\\Projeto-Pitang-Covid\\Projeto-Pitang-Frontend\\src\\components\\Formularios\\DatePicker.jsx","statementMap":{"0":{"start":{"line":41,"column":0},"end":{"line":41,"column":15}},"1":{"start":{"line":1,"column":28},"end":{"line":1,"column":null}},"2":{"start":{"line":2,"column":7},"end":{"line":2,"column":null}},"3":{"start":{"line":4,"column":17},"end":{"line":4,"column":null}},"4":{"start":{"line":5,"column":32},"end":{"line":5,"column":null}},"5":{"start":{"line":6,"column":7},"end":{"line":6,"column":null}},"6":{"start":{"line":8,"column":0},"end":{"line":8,"column":null}},"7":{"start":{"line":9,"column":0},"end":{"line":9,"column":null}},"8":{"start":{"line":12,"column":19},"end":{"line":39,"column":null}},"9":{"start":{"line":12,"column":22},"end":{"line":12,"column":35}},"10":{"start":{"line":12,"column":35},"end":{"line":12,"column":45}},"11":{"start":{"line":12,"column":45},"end":{"line":12,"column":null}},"12":{"start":{"line":13,"column":29},"end":{"line":18,"column":null}},"13":{"start":{"line":14,"column":26},"end":{"line":14,"column":null}},"14":{"start":{"line":15,"column":27},"end":{"line":15,"column":null}},"15":{"start":{"line":17,"column":6},"end":{"line":17,"column":null}},"16":{"start":{"line":23,"column":28},"end":{"line":23,"column":null}},"17":{"start":{"line":41,"column":15},"end":{"line":41,"column":null}}},"fnMap":{"0":{"name":"(anonymous_5)","decl":{"start":{"line":12,"column":19},"end":{"line":12,"column":22}},"loc":{"start":{"line":12,"column":19},"end":{"line":39,"column":null}}},"1":{"name":"(anonymous_6)","decl":{"start":{"line":13,"column":29},"end":{"line":13,"column":30}},"loc":{"start":{"line":13,"column":30},"end":{"line":18,"column":null}}}},"branchMap":{"0":{"loc":{"start":{"line":28,"column":20},"end":{"line":28,"column":null}},"type":"cond-expr","locations":[{"start":{"line":28,"column":34},"end":{"line":28,"column":40}},{"start":{"line":28,"column":40},"end":{"line":28,"column":null}}]},"1":{"loc":{"start":{"line":29,"column":23},"end":{"line":29,"column":null}},"type":"cond-expr","locations":[{"start":{"line":29,"column":37},"end":{"line":29,"column":42}},{"start":{"line":29,"column":42},"end":{"line":29,"column":null}}]},"2":{"loc":{"start":{"line":33,"column":17},"end":{"line":33,"column":null}},"type":"cond-expr","locations":[{"start":{"line":33,"column":31},"end":{"line":33,"column":56}},{"start":{"line":33,"column":56},"end":{"line":33,"column":null}}]},"3":{"loc":{"start":{"line":34,"column":17},"end":{"line":34,"column":null}},"type":"cond-expr","locations":[{"start":{"line":34,"column":32},"end":{"line":34,"column":57}},{"start":{"line":34,"column":57},"end":{"line":34,"column":null}}]},"4":{"loc":{"start":{"line":35,"column":20},"end":{"line":35,"column":null}},"type":"cond-expr","locations":[{"start":{"line":35,"column":34},"end":{"line":35,"column":55}},{"start":{"line":35,"column":55},"end":{"line":35,"column":null}}]}},"s":{"0":1,"1":1,"2":1,"3":1,"4":1,"5":1,"6":1,"7":1,"8":1,"9":1,"10":1,"11":1,"12":1,"13":0,"14":0,"15":0,"16":0,"17":1},"f":{"0":1,"1":0},"b":{"0":[1,0],"1":[1,0],"2":[1,0],"3":[0,1],"4":[1,0]}}
,"D:\\Projetos\\Pitang\\Projeto-Pitang-Covid\\Projeto-Pitang-Frontend\\src\\components\\TabelaAgendamento\\TabelaAgendamento.jsx": {"path":"D:\\Projetos\\Pitang\\Projeto-Pitang-Covid\\Projeto-Pitang-Frontend\\src\\components\\TabelaAgendamento\\TabelaAgendamento.jsx","statementMap":{"0":{"start":{"line":63,"column":0},"end":{"line":63,"column":15}},"1":{"start":{"line":1,"column":25},"end":{"line":1,"column":null}},"2":{"start":{"line":2,"column":23},"end":{"line":2,"column":null}},"3":{"start":{"line":3,"column":26},"end":{"line":3,"column":null}},"4":{"start":{"line":4,"column":23},"end":{"line":4,"column":null}},"5":{"start":{"line":5,"column":69},"end":{"line":5,"column":null}},"6":{"start":{"line":6,"column":7},"end":{"line":6,"column":null}},"7":{"start":{"line":9,"column":26},"end":{"line":61,"column":null}},"8":{"start":{"line":9,"column":28},"end":{"line":9,"column":42}},"9":{"start":{"line":9,"column":28},"end":{"line":9,"column":56}},"10":{"start":{"line":9,"column":42},"end":{"line":9,"column":null}},"11":{"start":{"line":13,"column":40},"end":{"line":13,"column":null}},"12":{"start":{"line":13,"column":40},"end":{"line":13,"column":48}},"13":{"start":{"line":14,"column":60},"end":{"line":14,"column":null}},"14":{"start":{"line":14,"column":60},"end":{"line":14,"column":68}},"15":{"start":{"line":16,"column":31},"end":{"line":25,"column":null}},"16":{"start":{"line":17,"column":22},"end":{"line":17,"column":36}},"17":{"start":{"line":18,"column":8},"end":{"line":18,"column":null}},"18":{"start":{"line":20,"column":29},"end":{"line":22,"column":null}},"19":{"start":{"line":21,"column":12},"end":{"line":21,"column":null}},"20":{"start":{"line":24,"column":8},"end":{"line":24,"column":null}},"21":{"start":{"line":63,"column":15},"end":{"line":63,"column":null}}},"fnMap":{"0":{"name":"(anonymous_7)","decl":{"start":{"line":9,"column":26},"end":{"line":9,"column":28}},"loc":{"start":{"line":9,"column":26},"end":{"line":61,"column":null}}},"1":{"name":"(anonymous_8)","decl":{"start":{"line":16,"column":31},"end":{"line":16,"column":32}},"loc":{"start":{"line":16,"column":32},"end":{"line":25,"column":null}}},"2":{"name":"(anonymous_9)","decl":{"start":{"line":20,"column":49},"end":{"line":20,"column":50}},"loc":{"start":{"line":20,"column":50},"end":{"line":22,"column":null}}}},"branchMap":{"0":{"loc":{"start":{"line":9,"column":42},"end":{"line":9,"column":null}},"type":"cond-expr","locations":[{"start":{"line":9,"column":56},"end":{"line":9,"column":null}},{"start":{"line":9,"column":56},"end":{"line":9,"column":null}}]},"1":{"loc":{"start":{"line":29,"column":27},"end":{"line":29,"column":null}},"type":"cond-expr","locations":[{"start":{"line":29,"column":57},"end":{"line":29,"column":80}},{"start":{"line":29,"column":80},"end":{"line":29,"column":null}}]}},"s":{"0":5,"1":1,"2":1,"3":1,"4":1,"5":1,"6":1,"7":1,"8":6,"9":6,"10":6,"11":6,"12":12,"13":6,"14":12,"15":6,"16":1,"17":1,"18":1,"19":6,"20":1,"21":1},"f":{"0":6,"1":1,"2":6},"b":{"0":[0,6],"1":[1,5]}}
}
