TN:
SF:src\components\Formularios\CadastroForm.jsx
FN:15,(anonymous_6)
FN:30,onSubmit
FNF:2
FNH:2
FNDA:10,(anonymous_6)
FNDA:1,onSubmit
DA:9,1
DA:10,1
DA:11,1
DA:12,1
DA:13,1
DA:15,1
DA:20,10
DA:21,10
DA:30,10
DA:31,1
DA:32,1
DA:60,11
DA:67,1
DA:84,12
DA:91,2
DA:119,4
LF:16
LH:16
BRDA:48,0,0,10
BRDA:48,0,1,2
BRDA:70,1,0,11
BRDA:70,1,1,2
BRDA:94,2,0,12
BRDA:94,2,1,2
BRF:6
BRH:6
end_of_record
TN:
SF:src\components\Formularios\CadastroZodSchema.js
FNF:0
FNH:0
DA:2,1
DA:3,1
DA:5,1
DA:6,1
DA:8,10
LF:5
LH:5
BRF:0
BRH:0
end_of_record
TN:
SF:src\components\TabelaAgendamento\TabelaAgendamento.jsx
FN:9,(anonymous_7)
FN:16,(anonymous_8)
FN:20,(anonymous_9)
FNF:3
FNH:3
FNDA:6,(anonymous_7)
FNDA:1,(anonymous_8)
FNDA:6,(anonymous_9)
DA:1,1
DA:2,1
DA:3,1
DA:4,1
DA:5,1
DA:6,1
DA:9,6
DA:13,12
DA:14,12
DA:16,6
DA:17,1
DA:18,1
DA:20,1
DA:21,6
DA:24,1
DA:63,5
LF:16
LH:16
BRDA:9,0,0,0
BRDA:9,0,1,6
BRDA:29,1,0,1
BRDA:29,1,1,5
BRF:4
BRH:3
end_of_record
