TN:
SF:src\components\Formularios\CadastroForm.jsx
FN:13,(anonymous_6)
FN:27,onSubmit
FNF:2
FNH:2
FNDA:7,(anonymous_6)
FNDA:1,onSubmit
DA:9,1
DA:10,1
DA:11,1
DA:13,1
DA:18,7
DA:19,7
DA:27,7
DA:28,1
DA:29,1
DA:57,8
DA:64,1
DA:81,8
DA:88,1
DA:116,3
LF:14
LH:14
BRDA:45,0,0,7
BRDA:45,0,1,1
BRDA:67,1,0,8
BRDA:67,1,1,1
BRDA:91,2,0,8
BRDA:91,2,1,1
BRF:6
BRH:6
end_of_record
TN:
SF:src\components\Formularios\DatePicker.jsx
FN:12,(anonymous_5)
FN:13,(anonymous_6)
FNF:2
FNH:1
FNDA:1,(anonymous_5)
FNDA:0,(anonymous_6)
DA:1,1
DA:2,1
DA:4,1
DA:5,1
DA:6,1
DA:8,1
DA:9,1
DA:12,1
DA:13,1
DA:14,0
DA:15,0
DA:17,0
DA:23,0
DA:41,1
LF:14
LH:10
BRDA:28,0,0,1
BRDA:28,0,1,0
BRDA:29,1,0,1
BRDA:29,1,1,0
BRDA:33,2,0,1
BRDA:33,2,1,0
BRDA:34,3,0,0
BRDA:34,3,1,1
BRDA:35,4,0,1
BRDA:35,4,1,0
BRF:10
BRH:5
end_of_record
TN:
SF:src\components\TabelaAgendamento\TabelaAgendamento.jsx
FN:9,(anonymous_7)
FN:16,(anonymous_8)
FN:20,(anonymous_9)
FNF:3
FNH:3
FNDA:5,(anonymous_7)
FNDA:1,(anonymous_8)
FNDA:6,(anonymous_9)
DA:1,1
DA:2,1
DA:3,1
DA:4,1
DA:5,1
DA:6,1
DA:9,5
DA:13,10
DA:14,10
DA:16,5
DA:17,1
DA:18,1
DA:20,1
DA:21,6
DA:24,1
DA:63,4
LF:16
LH:16
BRDA:9,0,0,0
BRDA:9,0,1,5
BRDA:29,1,0,1
BRDA:29,1,1,4
BRF:4
BRH:3
end_of_record
